<?xml version="1.0" encoding="UTF-8"?>
<!-- Generated by org.testng.reporters.JUnitXMLReporter -->
<testsuite ignored="1" hostname="DESKTOP-US9O7O0" failures="0" tests="1" name="Default test" time="8.324" errors="0" timestamp="2022-05-16T12:58:24 PDT">
  <testcase classname="com.dsalgo.qa.testcases.TryEditorPageTest" name="runCodeandVerifyAlert" time="0.68"/>
  <testcase classname="com.dsalgo.qa.testcases.TryEditorPageTest" name="runCodeAndVerify" time="0.0">
    <ignored/>
  </testcase> <!-- runCodeAndVerify -->
</testsuite> <!-- Default test -->
