<?xml version="1.0" encoding="UTF-8"?>
<testsuite xmlns:xsi="http://www.w3.org/2001/XMLSchema-instance" xsi:noNamespaceSchemaLocation="https://maven.apache.org/surefire/maven-surefire-plugin/xsd/surefire-test-report.xsd" name="TestSuite" time="80.952" tests="9" errors="0" skipped="2" failures="1">
  <properties>
[...]
</properties>
  <testcase name="successfulLogin" classname="com.dsalgo.qa.testcases.MainPageAndLoginTest" time="0">
    <skipped message="expected [Numpy Ninja5] but found [Numpy Ninja]"/>
    <system-out><![CDATA[[TestNGContentHandler] [WARN] It is strongly recommended to add "<!DOCTYPE suite SYSTEM "https://testng.org/testng-1.0.dtd" >" at the top of your file, otherwise TestNG may fail or not work as expected.
I am in onStart method dsalgoRegression
I am in onTestStart method successfulLogin start
]]></system-out>
    <system-err><![CDATA[SLF4J: Failed to load class "org.slf4j.impl.StaticLoggerBinder".
SLF4J: Defaulting to no-operation (NOP) logger implementation
SLF4J: See http://www.slf4j.org/codes.html#StaticLoggerBinder for further details.
Starting ChromeDriver 101.0.4951.41 (93c720db8323b3ec10d056025ab95c23a31997c9-refs/branch-heads/4951@{#904}) on port 22031
Only local connections are allowed.
Please see https://chromedriver.chromium.org/security-considerations for suggestions on keeping ChromeDriver safe.
ChromeDriver was started successfully.
May 16, 2022 11:09:33 AM org.openqa.selenium.remote.ProtocolHandshake createSession
INFO: Detected dialect: W3C
]]></system-err>
  </testcase>
  <testcase name="successfulLogin" classname="com.dsalgo.qa.testcases.MainPageAndLoginTest" time="0">
    <skipped message="expected [Numpy Ninja5] but found [Numpy Ninja]"/>
    <system-out><![CDATA[I am in onTestSkipped method successfulLogin skipped
I am in onTestStart method successfulLogin start
]]></system-out>
    <system-err><![CDATA[Starting ChromeDriver 101.0.4951.41 (93c720db8323b3ec10d056025ab95c23a31997c9-refs/branch-heads/4951@{#904}) on port 12292
Only local connections are allowed.
Please see https://chromedriver.chromium.org/security-considerations for suggestions on keeping ChromeDriver safe.
ChromeDriver was started successfully.
May 16, 2022 11:09:39 AM org.openqa.selenium.remote.ProtocolHandshake createSession
INFO: Detected dialect: W3C
]]></system-err>
  </testcase>
  <testcase name="successfulLogin" classname="com.dsalgo.qa.testcases.MainPageAndLoginTest" time="0.077">
    <failure message="expected [Numpy Ninja5] but found [Numpy Ninja]" type="java.lang.AssertionError">java.lang.AssertionError: expected [Numpy Ninja5] but found [Numpy Ninja]
	at com.dsalgo.qa.testcases.MainPageAndLoginTest.successfulLogin(MainPageAndLoginTest.java:86)
</failure>
    <system-out><![CDATA[I am in onTestSkipped method successfulLogin skipped
I am in onTestStart method successfulLogin start
]]></system-out>
    <system-err><![CDATA[Starting ChromeDriver 101.0.4951.41 (93c720db8323b3ec10d056025ab95c23a31997c9-refs/branch-heads/4951@{#904}) on port 16693
Only local connections are allowed.
Please see https://chromedriver.chromium.org/security-considerations for suggestions on keeping ChromeDriver safe.
ChromeDriver was started successfully.
May 16, 2022 11:09:44 AM org.openqa.selenium.remote.ProtocolHandshake createSession
INFO: Detected dialect: W3C
]]></system-err>
  </testcase>
  <testcase name="verifyLogin" classname="com.dsalgo.qa.testcases.MainPageAndLoginTest" time="2.145"/>
  <testcase name="verifyLogin" classname="com.dsalgo.qa.testcases.MainPageAndLoginTest" time="2.39"/>
  <testcase name="registerUserNegativeTest" classname="com.dsalgo.qa.testcases.RegisterPageTest" time="2.485"/>
  <testcase name="registerUserTest" classname="com.dsalgo.qa.testcases.RegisterPageTest" time="2.731"/>
  <testcase name="GraphRepresentationTestScenarios" classname="com.dsalgo.qa.testcases.GraphPageTest" time="5.591"/>
  <testcase name="GraphTestScenarios" classname="com.dsalgo.qa.testcases.GraphPageTest" time="4.054"/>
</testsuite>