-------------------------------------------------------------------------------
Test set: TestSuite
-------------------------------------------------------------------------------
Tests run: 9, Failures: 1, Errors: 0, Skipped: 2, Time elapsed: 80.952 s <<< FAILURE! - in TestSuite
successfulLogin(com.dsalgo.qa.testcases.MainPageAndLoginTest)  Time elapsed: 0.077 s  <<< FAILURE!
java.lang.AssertionError: expected [Numpy Ninja5] but found [Numpy Ninja]
	at com.dsalgo.qa.testcases.MainPageAndLoginTest.successfulLogin(MainPageAndLoginTest.java:86)

