<?xml version="1.0" encoding="UTF-8"?>
<!-- Generated by org.testng.reporters.JUnitXMLReporter -->
<testsuite ignored="0" hostname="DESKTOP-US9O7O0" failures="1" tests="9" name="dsalgoRegression" time="51.791" errors="0" timestamp="2022-05-16T12:55:01 PDT">
  <testcase classname="com.dsalgo.qa.testcases.MainPageAndLoginTest" name="successfulLogin" time="0.189">
    <skipped/>
  </testcase> <!-- successfulLogin -->
  <testcase classname="com.dsalgo.qa.testcases.MainPageAndLoginTest" name="successfulLogin" time="0.012">
    <skipped/>
  </testcase> <!-- successfulLogin -->
  <testcase classname="com.dsalgo.qa.testcases.MainPageAndLoginTest" name="successfulLogin" time="0.018">
    <failure type="java.lang.AssertionError" message="expected [Numpy Ninja5] but found [Numpy Ninja]">
      <![CDATA[java.lang.AssertionError: expected [Numpy Ninja5] but found [Numpy Ninja]
at com.dsalgo.qa.testcases.MainPageAndLoginTest.successfulLogin(MainPageAndLoginTest.java:86)
at java.base/java.util.ArrayList.forEach(ArrayList.java:1511)
... Removed 32 stack frames]]>
    </failure>
  </testcase> <!-- successfulLogin -->
  <testcase classname="com.dsalgo.qa.testcases.MainPageAndLoginTest" name="verifyLogin" time="1.63"/>
  <testcase classname="com.dsalgo.qa.testcases.MainPageAndLoginTest" name="verifyLogin" time="1.52"/>
  <testcase classname="com.dsalgo.qa.testcases.RegisterPageTest" name="registerUserNegativeTest" time="1.233"/>
  <testcase classname="com.dsalgo.qa.testcases.RegisterPageTest" name="registerUserTest" time="1.516"/>
  <testcase classname="com.dsalgo.qa.testcases.GraphPageTest" name="GraphRepresentationTestScenarios" time="4.742"/>
  <testcase classname="com.dsalgo.qa.testcases.GraphPageTest" name="GraphTestScenarios" time="5.03"/>
</testsuite> <!-- dsalgoRegression -->
