<?xml version="1.0" encoding="UTF-8"?>
<testng-results ignored="1" total="2" passed="1" failed="0" skipped="0">
  <reporter-output>
  </reporter-output>
  <suite started-at="2022-05-16T12:58:15 PDT" name="Default suite" finished-at="2022-05-16T12:58:24 PDT" duration-ms="8324">
    <groups>
    </groups>
    <test started-at="2022-05-16T12:58:15 PDT" name="Default test" finished-at="2022-05-16T12:58:24 PDT" duration-ms="8324">
      <class name="com.dsalgo.qa.testcases.TryEditorPageTest">
        <test-method is-config="true" signature="setUp()[pri:0, instance:com.dsalgo.qa.testcases.TryEditorPageTest@29a4f594]" started-at="2022-05-16T12:58:15 PDT" name="setUp" finished-at="2022-05-16T12:58:22 PDT" duration-ms="6178" status="PASS">
          <reporter-output>
          </reporter-output>
        </test-method> <!-- setUp -->
        <test-method signature="runCodeandVerifyAlert()[pri:0, instance:com.dsalgo.qa.testcases.TryEditorPageTest@29a4f594]" started-at="2022-05-16T12:58:22 PDT" name="runCodeandVerifyAlert" finished-at="2022-05-16T12:58:23 PDT" duration-ms="680" status="PASS">
          <reporter-output>
          </reporter-output>
        </test-method> <!-- runCodeandVerifyAlert -->
        <test-method is-config="true" signature="tearDown()[pri:0, instance:com.dsalgo.qa.testcases.TryEditorPageTest@29a4f594]" started-at="2022-05-16T12:58:23 PDT" name="tearDown" finished-at="2022-05-16T12:58:24 PDT" duration-ms="1032" status="PASS">
          <reporter-output>
          </reporter-output>
        </test-method> <!-- tearDown -->
      </class> <!-- com.dsalgo.qa.testcases.TryEditorPageTest -->
    </test> <!-- Default test -->
  </suite> <!-- Default suite -->
</testng-results>
